[2020-10-29 15:31:32][debug][error]:[SQLSTATE[28000] [1698] Access denied for user 'root'@'localhost' at file:/opt/my-project/vendor/easyswoole/orm/src/Db/MysqlPool.php line:22]
[2020-10-29 15:31:47][debug][error]:[Uncaught EasySwoole\ORM\Exception\Exception: SQLSTATE[28000] [1698] Access denied for user 'root'@'localhost' in /opt/my-project/vendor/easyswoole/orm/src/Db/MysqlPool.php:22
Stack trace:
#0 /opt/my-project/vendor/easyswoole/pool/src/AbstractPool.php(295): EasySwoole\ORM\Db\MysqlPool->createObject()
#1 /opt/my-project/vendor/easyswoole/pool/src/AbstractPool.php(253): EasySwoole\Pool\AbstractPool->initObject()
#2 /opt/my-project/vendor/easyswoole/pool/src/AbstractPool.php(227): EasySwoole\Pool\AbstractPool->keepMin(5)
#3 {main}
  thrown at file:/opt/my-project/vendor/easyswoole/orm/src/Db/MysqlPool.php line:22]
[2020-10-29 15:35:06][debug][error]:[SQLSTATE[28000] [1698] Access denied for user 'root'@'localhost' at file:/opt/my-project/vendor/easyswoole/orm/src/Db/MysqlPool.php line:22]
[2020-10-29 15:35:21][debug][error]:[Uncaught EasySwoole\ORM\Exception\Exception: SQLSTATE[28000] [1698] Access denied for user 'root'@'localhost' in /opt/my-project/vendor/easyswoole/orm/src/Db/MysqlPool.php:22
Stack trace:
#0 /opt/my-project/vendor/easyswoole/pool/src/AbstractPool.php(295): EasySwoole\ORM\Db\MysqlPool->createObject()
#1 /opt/my-project/vendor/easyswoole/pool/src/AbstractPool.php(253): EasySwoole\Pool\AbstractPool->initObject()
#2 /opt/my-project/vendor/easyswoole/pool/src/AbstractPool.php(227): EasySwoole\Pool\AbstractPool->keepMin(5)
#3 {main}
  thrown at file:/opt/my-project/vendor/easyswoole/orm/src/Db/MysqlPool.php line:22]
[2020-10-29 15:35:41][debug][error]:[SQLSTATE[28000] [1698] Access denied for user 'root'@'localhost' at file:/opt/my-project/vendor/easyswoole/orm/src/Db/MysqlPool.php line:22]
[2020-10-29 15:35:56][debug][error]:[Uncaught EasySwoole\ORM\Exception\Exception: SQLSTATE[28000] [1698] Access denied for user 'root'@'localhost' in /opt/my-project/vendor/easyswoole/orm/src/Db/MysqlPool.php:22
Stack trace:
#0 /opt/my-project/vendor/easyswoole/pool/src/AbstractPool.php(295): EasySwoole\ORM\Db\MysqlPool->createObject()
#1 /opt/my-project/vendor/easyswoole/pool/src/AbstractPool.php(253): EasySwoole\Pool\AbstractPool->initObject()
#2 /opt/my-project/vendor/easyswoole/pool/src/AbstractPool.php(227): EasySwoole\Pool\AbstractPool->keepMin(5)
#3 {main}
  thrown at file:/opt/my-project/vendor/easyswoole/orm/src/Db/MysqlPool.php line:22]
[2020-10-29 15:38:27][debug][error]:[SQLSTATE[28000] [1698] Access denied for user 'root'@'localhost' at file:/opt/my-project/vendor/easyswoole/orm/src/Db/MysqlPool.php line:22]
[2020-10-29 15:38:28][debug][error]:[SQLSTATE[28000] [1698] Access denied for user 'root'@'localhost' at file:/opt/my-project/vendor/easyswoole/orm/src/Db/MysqlPool.php line:22]
[2020-10-29 15:38:34][debug][error]:[SQLSTATE[28000] [1698] Access denied for user 'root'@'localhost' at file:/opt/my-project/vendor/easyswoole/orm/src/Db/MysqlPool.php line:22]
[2020-10-29 15:38:42][debug][error]:[Uncaught EasySwoole\ORM\Exception\Exception: SQLSTATE[28000] [1698] Access denied for user 'root'@'localhost' in /opt/my-project/vendor/easyswoole/orm/src/Db/MysqlPool.php:22
Stack trace:
#0 /opt/my-project/vendor/easyswoole/pool/src/AbstractPool.php(295): EasySwoole\ORM\Db\MysqlPool->createObject()
#1 /opt/my-project/vendor/easyswoole/pool/src/AbstractPool.php(253): EasySwoole\Pool\AbstractPool->initObject()
#2 /opt/my-project/vendor/easyswoole/pool/src/AbstractPool.php(227): EasySwoole\Pool\AbstractPool->keepMin(5)
#3 {main}
  thrown at file:/opt/my-project/vendor/easyswoole/orm/src/Db/MysqlPool.php line:22]
